# JRE version: OpenJDK Runtime Environment (11.0.15) (build 11.0.15+0-b2043.56-9505619)
# Java VM: OpenJDK 64-Bit Server VM (11.0.15+0-b2043.56-9505619, mixed mode, tiered, compressed oops, g1 gc, windows-amd64)
Heap:
 garbage-first heap   total 272384K, used 147019K [0x0000000080000000, 0x0000000100000000)
  region size 1024K, 38 young (38912K), 2 survivors (2048K)
 Metaspace       used 107704K, capacity 110433K, committed 110748K, reserved 1144832K
  class space    used 13630K, capacity 14697K, committed 14848K, reserved 1048576K
GC Heap History (20 events):
Event: 9.550 GC heap before
{Heap before GC invocations=11 (full 0):
 garbage-first heap   total 260096K, used 196837K [0x0000000080000000, 0x0000000100000000)
  region size 1024K, 146 young (149504K), 12 survivors (12288K)
 Metaspace       used 81667K, capacity 83538K, committed 83612K, reserved 1122304K
  class space    used 10687K, capacity 11469K, committed 11520K, reserved 1048576K
}
Event: 9.564 GC heap after
{Heap after GC invocations=12 (full 0):
 garbage-first heap   total 260096K, used 68454K [0x0000000080000000, 0x0000000100000000)
  region size 1024K, 9 young (9216K), 9 survivors (9216K)
 Metaspace       used 81667K, capacity 83538K, committed 83612K, reserved 1122304K
  class space    used 10687K, capacity 11469K, committed 11520K, reserved 1048576K
}
Event: 10.482 GC heap before
{Heap before GC invocations=12 (full 0):
 garbage-first heap   total 260096K, used 201574K [0x0000000080000000, 0x0000000100000000)
  region size 1024K, 140 young (143360K), 9 survivors (9216K)
 Metaspace       used 88117K, capacity 90403K, committed 90652K, reserved 1128448K
  class space    used 11506K, capacity 12387K, committed 12416K, reserved 1048576K
}
Event: 10.495 GC heap after
{Heap after GC invocations=13 (full 0):
 garbage-first heap   total 260096K, used 81343K [0x0000000080000000, 0x0000000100000000)
  region size 1024K, 18 young (18432K), 18 survivors (18432K)
 Metaspace       used 88117K, capacity 90403K, committed 90652K, reserved 1128448K
  class space    used 11506K, capacity 12387K, committed 12416K, reserved 1048576K
}
Event: 11.508 GC heap before
{Heap before GC invocations=13 (full 0):
 garbage-first heap   total 260096K, used 201151K [0x0000000080000000, 0x0000000100000000)
  region size 1024K, 136 young (139264K), 18 survivors (18432K)
 Metaspace       used 92738K, capacity 95425K, committed 95516K, reserved 1132544K
  class space    used 12080K, capacity 13094K, committed 13184K, reserved 1048576K
}
Event: 11.527 GC heap after
{Heap after GC invocations=14 (full 0):
 garbage-first heap   total 260096K, used 94984K [0x0000000080000000, 0x0000000100000000)
  region size 1024K, 13 young (13312K), 13 survivors (13312K)
 Metaspace       used 92738K, capacity 95425K, committed 95516K, reserved 1132544K
  class space    used 12080K, capacity 13094K, committed 13184K, reserved 1048576K
}
Event: 12.520 GC heap before
{Heap before GC invocations=14 (full 0):
 garbage-first heap   total 260096K, used 237320K [0x0000000080000000, 0x0000000100000000)
  region size 1024K, 119 young (121856K), 13 survivors (13312K)
 Metaspace       used 96630K, capacity 99470K, committed 99612K, reserved 1134592K
  class space    used 12554K, capacity 13638K, committed 13696K, reserved 1048576K
}
Event: 12.537 GC heap after
{Heap after GC invocations=15 (full 0):
 garbage-first heap   total 272384K, used 117465K [0x0000000080000000, 0x0000000100000000)
  region size 1024K, 15 young (15360K), 15 survivors (15360K)
 Metaspace       used 96630K, capacity 99470K, committed 99612K, reserved 1134592K
  class space    used 12554K, capacity 13638K, committed 13696K, reserved 1048576K
}
Event: 12.677 GC heap before
{Heap before GC invocations=15 (full 0):
 garbage-first heap   total 272384K, used 143065K [0x0000000080000000, 0x0000000100000000)
  region size 1024K, 42 young (43008K), 15 survivors (15360K)
 Metaspace       used 98070K, capacity 100838K, committed 100956K, reserved 1136640K
  class space    used 12683K, capacity 13762K, committed 13824K, reserved 1048576K
}
Event: 12.691 GC heap after
{Heap after GC invocations=16 (full 0):
 garbage-first heap   total 272384K, used 124652K [0x0000000080000000, 0x0000000100000000)
  region size 1024K, 6 young (6144K), 6 survivors (6144K)
 Metaspace       used 98070K, capacity 100838K, committed 100956K, reserved 1136640K
  class space    used 12683K, capacity 13762K, committed 13824K, reserved 1048576K
}
Event: 13.060 GC heap before
{Heap before GC invocations=17 (full 0):
 garbage-first heap   total 272384K, used 174435K [0x0000000080000000, 0x0000000100000000)
  region size 1024K, 69 young (70656K), 6 survivors (6144K)
 Metaspace       used 100480K, capacity 103158K, committed 103836K, reserved 1138688K
  class space    used 12809K, capacity 13800K, committed 14080K, reserved 1048576K
}
Event: 13.064 GC heap after
{Heap after GC invocations=18 (full 0):
 garbage-first heap   total 272384K, used 111439K [0x0000000080000000, 0x0000000100000000)
  region size 1024K, 6 young (6144K), 6 survivors (6144K)
 Metaspace       used 100480K, capacity 103158K, committed 103836K, reserved 1138688K
  class space    used 12809K, capacity 13800K, committed 14080K, reserved 1048576K
}
Event: 13.089 GC heap before
{Heap before GC invocations=18 (full 0):
 garbage-first heap   total 272384K, used 118607K [0x0000000080000000, 0x0000000100000000)
  region size 1024K, 13 young (13312K), 6 survivors (6144K)
 Metaspace       used 100612K, capacity 103254K, committed 104092K, reserved 1138688K
  class space    used 12828K, capacity 13832K, committed 14080K, reserved 1048576K
}
Event: 13.092 GC heap after
{Heap after GC invocations=19 (full 0):
 garbage-first heap   total 272384K, used 106778K [0x0000000080000000, 0x0000000100000000)
  region size 1024K, 2 young (2048K), 2 survivors (2048K)
 Metaspace       used 100612K, capacity 103254K, committed 104092K, reserved 1138688K
  class space    used 12828K, capacity 13832K, committed 14080K, reserved 1048576K
}
Event: 13.392 GC heap before
{Heap before GC invocations=19 (full 0):
 garbage-first heap   total 272384K, used 184602K [0x0000000080000000, 0x0000000100000000)
  region size 1024K, 79 young (80896K), 2 survivors (2048K)
 Metaspace       used 102250K, capacity 104931K, committed 105500K, reserved 1140736K
  class space    used 12991K, capacity 14015K, committed 14208K, reserved 1048576K
}
Event: 13.398 GC heap after
{Heap after GC invocations=20 (full 0):
 garbage-first heap   total 272384K, used 110554K [0x0000000080000000, 0x0000000100000000)
  region size 1024K, 5 young (5120K), 5 survivors (5120K)
 Metaspace       used 102250K, capacity 104931K, committed 105500K, reserved 1140736K
  class space    used 12991K, capacity 14015K, committed 14208K, reserved 1048576K
}
Event: 13.883 GC heap before
{Heap before GC invocations=21 (full 0):
 garbage-first heap   total 272384K, used 193498K [0x0000000080000000, 0x0000000100000000)
  region size 1024K, 87 young (89088K), 5 survivors (5120K)
 Metaspace       used 106208K, capacity 108935K, committed 109596K, reserved 1144832K
  class space    used 13461K, capacity 14467K, committed 14720K, reserved 1048576K
}
Event: 13.889 GC heap after
{Heap after GC invocations=22 (full 0):
 garbage-first heap   total 272384K, used 113352K [0x0000000080000000, 0x0000000100000000)
  region size 1024K, 8 young (8192K), 8 survivors (8192K)
 Metaspace       used 106208K, capacity 108935K, committed 109596K, reserved 1144832K
  class space    used 13461K, capacity 14467K, committed 14720K, reserved 1048576K
}
Event: 13.928 GC heap before
{Heap before GC invocations=22 (full 0):
 garbage-first heap   total 272384K, used 118472K [0x0000000080000000, 0x0000000100000000)
  region size 1024K, 13 young (13312K), 8 survivors (8192K)
 Metaspace       used 106369K, capacity 109095K, committed 109596K, reserved 1144832K
  class space    used 13479K, capacity 14499K, committed 14720K, reserved 1048576K
}
Event: 13.934 GC heap after
{Heap after GC invocations=23 (full 0):
 garbage-first heap   total 272384K, used 112203K [0x0000000080000000, 0x0000000100000000)
  region size 1024K, 2 young (2048K), 2 survivors (2048K)
 Metaspace       used 106369K, capacity 109095K, committed 109596K, reserved 1144832K
  class space    used 13479K, capacity 14499K, committed 14720K, reserved 1048576K
}

